2023-05-08 06:35:28 I: ======================================================================
                       Generating A with Gilt-TNR2D (version 1.0).
                       iter_count = 5
2023-05-08 06:35:28 I: 
                       H = 0.0
                       J = 1.0
                       algorithm = GiltTNR2D
                       beta = 0.4
                       cg_chis = range(0, 21)
                       cg_eps = 1e-05
                       complexion_chis = None
                       complexion_eps = 1e-05
                       complexion_padding = 3
                       complexion_spacestep = 1
                       complexion_step_direction = 1j
                       complexion_timestep = 1
                       database = data/GiltTNR2D/
                       debug = False
                       dtype = <class 'numpy.float64'>
                       gilt_eps = 1e-07
                       gilt_eps_list = None
                       gilt_print_envspec = False
                       gilt_print_envspec_recursive = False
                       h_long = 0.0
                       h_trans = 1.0
                       impurity = None
                       initial2x2 = False
                       initial2x2x2 = False
                       initial2z = False
                       initial4x4 = False
                       iter_count = 5
                       iters = range(0, 9)
                       model = ising
                       print_free_energy = True
                       print_scaldims = 50
                       print_spectra = False
                       sixvertex_a = 1.0
                       sixvertex_b = 1.0
                       sixvertex_c = 1.4142135623730951
                       store_data = True
                       symmetry_tensors = False
                       tricrit_perturbation_factor = 0.1
                       verbosity = 10
2023-05-08 06:35:28 I: Applying Gilt,                      
2023-05-08 06:35:28 I: Applying Gilt,                      Error = 3.929e-06, shape = (20, 20, 8, 20) [(20, 20, 20, 20)]
2023-05-08 06:35:29 I: Applying Gilt,                      Error = 6.189e-06, shape = (11, 20, 8, 20) [(20, 20, 20, 20)]
2023-05-08 06:35:29 I: Applying Gilt,                      Error = 7.470e-06, shape = (11, 20, 8, 12) [(20, 20, 20, 20)]
2023-05-08 06:35:29 I: Applying Gilt,                      Error = 8.738e-06, shape = (11, 12, 8, 12) [(20, 20, 20, 20)]
2023-05-08 06:35:29 I: Applying Gilt,                      Error = 8.747e-06, shape = (11, 12, 8, 12) [(20, 20, 20, 20)]
2023-05-08 06:35:29 I: Applying Gilt,                      Error = 8.765e-06, shape = (11, 12, 8, 12) [(20, 20, 20, 20)]
2023-05-08 06:35:29 I: Applying Gilt,                      Error = 8.793e-06, shape = (11, 12, 8, 12) [(20, 20, 20, 20)]
2023-05-08 06:35:29 I: Applying Gilt, done.                
2023-05-08 06:35:29 I: TRG splitting,                      
2023-05-08 06:35:29 I: TRG splitting, done.                Error = 1.874e-04, chi = 20
2023-05-08 06:35:29 I: TRG splitting,                      
2023-05-08 06:35:29 I: TRG splitting, done.                Error = 1.873e-04, chi = 20
2023-05-08 06:35:29 I: TRG contracting,                    
2023-05-08 06:35:29 I: TRG contracting, done.              
2023-05-08 06:35:29 I: TRG splitting,                      
2023-05-08 06:35:29 I: TRG splitting, done.                Error = 7.819e-04, chi = 20
2023-05-08 06:35:29 I: TRG splitting,                      
2023-05-08 06:35:29 I: TRG splitting, done.                Error = 4.437e-04, chi = 20
2023-05-08 06:35:29 I: TRG contracting,                    
2023-05-08 06:35:29 I: TRG contracting, done.              
